FAILED: SemanticException [Error 10001]: Line 97:58 Table not found 'impression_1_split'
FAILED: ParseException line 16:4 cannot recognize input near 'FROM' '(' 'SELECT' in select expression

Starting Job = job_201608100810_456099, Tracking URL = http://sv1-hp0204-01.sv.walmartlabs.com:50030/jobdetails.jsp?jobid=job_201608100810_456099
Kill Command = /opt/mapr/hadoop/hadoop-0.20.2/bin/../bin/hadoop job  -kill job_201608100810_456099
Hadoop job information for Stage-3: number of mappers: 27; number of reducers: 1
2016-08-18 22:49:32,650 Stage-3 map = 41%,  reduce = 0%, Cumulative CPU 132.24 sec
2016-08-18 22:49:43,367 Stage-3 map = 93%,  reduce = 0%, Cumulative CPU 184.26 sec
2016-08-18 22:49:51,856 Stage-3 map = 100%,  reduce = 0%, Cumulative CPU 184.26 sec
2016-08-18 22:50:08,905 Stage-3 map = 100%,  reduce = 33%, Cumulative CPU 187.46 sec
2016-08-18 22:50:33,305 Stage-3 map = 100%,  reduce = 88%, Cumulative CPU 187.46 sec
MapReduce Total cumulative CPU time: 3 minutes 7 seconds 460 msec
Ended Job = job_201608100810_456099
Launching Job 3 out of 3
Number of reduce tasks not specified. Estimated from input data size: 1
In order to change the average load for a reducer (in bytes):
  set hive.exec.reducers.bytes.per.reducer=<number>
In order to limit the maximum number of reducers:
  set hive.exec.reducers.max=<number>
In order to set a constant number of reducers:
  set mapred.reduce.tasks=<number>
Starting Job = job_201608100810_456161, Tracking URL = http://sv1-hp0204-01.sv.walmartlabs.com:50030/jobdetails.jsp?jobid=job_201608100810_456161
Kill Command = /opt/mapr/hadoop/hadoop-0.20.2/bin/../bin/hadoop job  -kill job_201608100810_456161
Hadoop job information for Stage-2: number of mappers: 9; number of reducers: 1
2016-08-18 22:51:51,305 Stage-2 map = 100%,  reduce = 0%, Cumulative CPU 54.13 sec
2016-08-18 22:52:06,275 Stage-2 map = 100%,  reduce = 33%, Cumulative CPU 54.13 sec
2016-08-18 22:52:36,647 Stage-2 map = 100%,  reduce = 100%, Cumulative CPU 79.88 sec
MapReduce Total cumulative CPU time: 1 minutes 19 seconds 880 msec
Ended Job = job_201608100810_456161
Moving data to: maprfs:/hive/jli21.db/temp_now
MapReduce Jobs Launched:
Job 0: Map: 57  Reduce: 10   Cumulative CPU: 7045.16 sec   MAPRFS Read: 86126179574 MAPRFS Write: 76464391687 SUCCESS
Job 1: Map: 27  Reduce: 1   Cumulative CPU: 214.49 sec   MAPRFS Read: 705101158 MAPRFS Write: 520300366 SUCCESS
Job 2: Map: 9  Reduce: 1   Cumulative CPU: 79.88 sec   MAPRFS Read: 250619652 MAPRFS Write: 252347222 SUCCESS
Total MapReduce CPU Time Spent: 0 days 2 hours 2 minutes 19 seconds 530 msec
OK
Time taken: 708.827 seconds
You have new mail in /var/spool/mail/jli21


