which: no hbase in (/home/jli21/stream/zookeeper-3.4.6/bin:/home/jli21/stream/kafka_2.10-0.9.0.0/bin:/home/jli21/anaconda3/bin:/usr/bin:/usr/lib/oracle/12.1/client64/bin:/usr/local/bfd-hive-dist/hcatalog//bin:/home/jli21/lib/apache-maven-3.2.5/bin:/home/jli21/bin:/home/jli21/bin/sams:/home/jli21/sams/cob_scoring/main:/usr/lib/jvm/jre-1.7.0-openjdk.x86_64//bin:/usr/lib64/qt-3.3/bin:/usr/bin:/bin:/opt/minikops:/opt/bin:/home/jli21/lib/h2o/sparkling-water-1.4.3/bin)
2016-09-07 05:36:53 INFO: org.apache.pig.ExecTypeProvider - Trying ExecType : LOCAL
2016-09-07 05:36:53 INFO: org.apache.pig.ExecTypeProvider - Trying ExecType : MAPREDUCE
2016-09-07 05:36:53 INFO: org.apache.pig.ExecTypeProvider - Picked MAPREDUCE as the ExecType
2016-09-07 05:36:53,428 [main] INFO  org.apache.pig.Main - Apache Pig version 0.14.0-mapr-1508 (rexported) compiled Sep 03 2015, 01:29:03
2016-09-07 05:36:53,428 [main] INFO  org.apache.pig.Main - Logging error messages to: /home/jli21/pig_1473251813425.log
2016-09-07 05:36:55,610 [main] INFO  org.apache.pig.impl.util.Utils - Default bootup file /home/jli21/.pigbootup not found
2016-09-07 05:36:55,929 [main] INFO  org.apache.hadoop.conf.Configuration.deprecation - fs.default.name is deprecated. Instead, use fs.defaultFS
2016-09-07 05:36:55,930 [main] INFO  org.apache.pig.backend.hadoop.executionengine.HExecutionEngine - Connecting to hadoop file system at: maprfs:///
2016-09-07 05:36:55,951 [main] INFO  org.apache.hadoop.conf.Configuration.deprecation - topology.script.number.args is deprecated. Instead, use net.topology.script.number.args
2016-09-07 05:36:56,074 [main] INFO  org.apache.pig.backend.hadoop.executionengine.HExecutionEngine - Connecting to map-reduce job tracker at: maprfs:///
2016-09-07 05:36:56,568 [main] INFO  org.apache.hadoop.conf.Configuration.deprecation - fs.default.name is deprecated. Instead, use fs.defaultFS
2016-09-07 05:36:59,498 [main] INFO  org.apache.hadoop.conf.Configuration.deprecation - fs.default.name is deprecated. Instead, use fs.defaultFS
2016-09-07 05:36:59,716 [main] INFO  org.apache.hadoop.conf.Configuration.deprecation - fs.default.name is deprecated. Instead, use fs.defaultFS
2016-09-07 05:36:59,906 [main] INFO  org.apache.pig.tools.pigstats.ScriptState - Pig features used in the script: GROUP_BY
2016-09-07 05:36:59,977 [main] INFO  org.apache.hadoop.conf.Configuration.deprecation - fs.default.name is deprecated. Instead, use fs.defaultFS
2016-09-07 05:36:59,985 [main] INFO  org.apache.pig.data.SchemaTupleBackend - Key [pig.schematuple] was not set... will not generate code.
2016-09-07 05:37:00,035 [main] INFO  org.apache.pig.newplan.logical.optimizer.LogicalPlanOptimizer - {RULES_ENABLED=[AddForEach, ColumnMapKeyPrune, ConstantCalculator, GroupByConstParallelSetter, LimitOptimizer, LoadTypeCastInserter, MergeFilter, MergeForEach, PartitionFilterOptimizer, PredicatePushdownOptimizer, PushDownForEachFlatten, PushUpFilter, SplitFilter, StreamTypeCastInserter]}
2016-09-07 05:37:00,287 [main] INFO  org.apache.pig.backend.hadoop.executionengine.mapReduceLayer.MRCompiler - File concatenation threshold: 100 optimistic? false
2016-09-07 05:37:00,350 [main] INFO  org.apache.pig.backend.hadoop.executionengine.mapReduceLayer.MultiQueryOptimizer - MR plan size before optimization: 2
2016-09-07 05:37:00,351 [main] INFO  org.apache.pig.backend.hadoop.executionengine.mapReduceLayer.MultiQueryOptimizer - MR plan size after optimization: 2
2016-09-07 05:37:00,421 [main] INFO  org.apache.hadoop.conf.Configuration.deprecation - fs.default.name is deprecated. Instead, use fs.defaultFS
2016-09-07 05:37:00,523 [main] INFO  org.apache.pig.tools.pigstats.mapreduce.MRScriptState - Pig script settings are added to the job
2016-09-07 05:37:00,532 [main] INFO  org.apache.pig.backend.hadoop.executionengine.mapReduceLayer.JobControlCompiler - mapred.job.reduce.markreset.buffer.percent is not set, set to default 0.3
2016-09-07 05:37:00,536 [main] INFO  org.apache.pig.backend.hadoop.executionengine.mapReduceLayer.JobControlCompiler - Reduce phase detected, estimating # of required reducers.
2016-09-07 05:37:00,536 [main] INFO  org.apache.pig.backend.hadoop.executionengine.mapReduceLayer.JobControlCompiler - Using reducer estimator: org.apache.pig.backend.hadoop.executionengine.mapReduceLayer.InputSizeReducerEstimator
2016-09-07 05:37:00,547 [main] INFO  org.apache.pig.backend.hadoop.executionengine.mapReduceLayer.InputSizeReducerEstimator - BytesPerReducer=1000000000 maxReducers=999 totalInputFileSize=1069892
2016-09-07 05:37:00,547 [main] INFO  org.apache.pig.backend.hadoop.executionengine.mapReduceLayer.JobControlCompiler - Setting Parallelism to 1
2016-09-07 05:37:00,547 [main] INFO  org.apache.pig.backend.hadoop.executionengine.mapReduceLayer.JobControlCompiler - This job cannot be converted run in-process
2016-09-07 05:37:00,975 [main] INFO  org.apache.pig.backend.hadoop.executionengine.mapReduceLayer.JobControlCompiler - Added jar file:/usr/local/bfd-hive-dist/lib/hive-exec-0.13.1-SNAPSHOT.jar to DistributedCache through /tmp/temp-2033694667/tmp553170028/hive-exec-0.13.1-SNAPSHOT.jar
2016-09-07 05:37:01,123 [main] INFO  org.apache.pig.backend.hadoop.executionengine.mapReduceLayer.JobControlCompiler - Added jar file:/usr/local/bfd-hive-dist/lib/hive-metastore-0.13.1-SNAPSHOT.jar to DistributedCache through /tmp/temp-2033694667/tmp-1204590387/hive-metastore-0.13.1-SNAPSHOT.jar
2016-09-07 05:37:01,466 [main] INFO  org.apache.pig.backend.hadoop.executionengine.mapReduceLayer.JobControlCompiler - Added jar file:/opt/mapr/pig/pig-0.14/contrib/piggybank/java/piggybank.jar to DistributedCache through /tmp/temp-2033694667/tmp973758962/piggybank.jar
2016-09-07 05:37:01,694 [main] INFO  org.apache.pig.backend.hadoop.executionengine.mapReduceLayer.JobControlCompiler - Added jar file:/data1/opt/mapr/pig/pig-0.14/pig-core-h2.jar to DistributedCache through /tmp/temp-2033694667/tmp-83917107/pig-core-h2.jar
2016-09-07 05:37:01,957 [main] INFO  org.apache.pig.backend.hadoop.executionengine.mapReduceLayer.JobControlCompiler - Added jar file:/data1/opt/mapr/pig/pig-0.14/lib/automaton-1.11-8.jar to DistributedCache through /tmp/temp-2033694667/tmp-138974111/automaton-1.11-8.jar
2016-09-07 05:37:01,993 [main] INFO  org.apache.pig.backend.hadoop.executionengine.mapReduceLayer.JobControlCompiler - Added jar file:/data1/opt/mapr/pig/pig-0.14/lib/antlr-runtime-3.4.jar to DistributedCache through /tmp/temp-2033694667/tmp-1494261478/antlr-runtime-3.4.jar
2016-09-07 05:37:02,056 [main] INFO  org.apache.pig.backend.hadoop.executionengine.mapReduceLayer.JobControlCompiler - Added jar file:/data1/opt/mapr/pig/pig-0.14/lib/joda-time-2.1.jar to DistributedCache through /tmp/temp-2033694667/tmp-1908077736/joda-time-2.1.jar
2016-09-07 05:37:02,155 [main] INFO  org.apache.pig.backend.hadoop.executionengine.mapReduceLayer.JobControlCompiler - Setting up single store job
2016-09-07 05:37:02,162 [main] INFO  org.apache.pig.data.SchemaTupleFrontend - Key [pig.schematuple] is false, will not generate code.
2016-09-07 05:37:02,162 [main] INFO  org.apache.pig.data.SchemaTupleFrontend - Starting process to move generated code to distributed cacche
2016-09-07 05:37:02,162 [main] INFO  org.apache.pig.data.SchemaTupleFrontend - Setting key [pig.schematuple.classes] with classes to deserialize []
2016-09-07 05:37:02,333 [main] INFO  org.apache.pig.backend.hadoop.executionengine.mapReduceLayer.MapReduceLauncher - 1 map-reduce job(s) waiting for submission.
2016-09-07 05:37:02,380 [main] INFO  org.apache.zookeeper.ZooKeeper - Client environment:zookeeper.version=3.4.5-mapr-1503--1, built on 07/06/2015 19:21 GMT
2016-09-07 05:37:02,380 [main] INFO  org.apache.zookeeper.ZooKeeper - Client environment:host.name=offers-ao00.sv.walmartlabs.com
2016-09-07 05:37:02,380 [main] INFO  org.apache.zookeeper.ZooKeeper - Client environment:java.version=1.7.0_95
2016-09-07 05:37:02,381 [main] INFO  org.apache.zookeeper.ZooKeeper - Client environment:java.vendor=Oracle Corporation
2016-09-07 05:37:02,381 [main] INFO  org.apache.zookeeper.ZooKeeper - Client environment:java.home=/usr/lib/jvm/java-1.7.0-openjdk-1.7.0.95.x86_64/jre
2016-09-07 05:37:02,381 [main] INFO  org.apache.zookeeper.ZooKeeper - Client environment:java.class.path=/opt/mapr/hadoop/hadoop-0.20.2/bin/../conf:/usr/lib/jvm/jre-1.7.0-openjdk.x86_64//lib/tools.jar:/usr/local/bfd-hive-dist/lib/hive-metastore-0.13.1-SNAPSHOT.jar:/usr/local/bfd-hive-dist/lib/hive-shims-0.20S-0.13.1-SNAPSHOT.jar:/usr/local/bfd-hive-dist/lib/hive-shims-common-0.13.1-SNAPSHOT.jar
/usr/local/bfd-hive-dist/lib/hive-shims-common-secure-0.13.1-SNAPSHOT.jar:/usr/local/bfd-hive-dist/lib/hive-exec-0.13.1-SNAPSHOT.jar:/usr/local/bfd-hive-dist/lib/hive-serde-0.13.1-SNAPSHOT.jar:/usr/local/bfd-hive-dist/lib/hive-shims-common-0.13.1-SNAPSHOT.jar
/usr/local/bfd-hive-dist/lib/hive-shims-common-secure-0.13.1-SNAPSHOT.jar:/home/jli21/lib/lucene-5.3.1/core/lucene-demo-5.3.1.jar:/home/jli21/lib/lucene-5.3.1/demo/lucene-demo-5.3.1.jar::/data1/opt/mapr/pig/pig-0.14/bin/../conf:/usr/lib/jvm/jre-1.7.0-openjdk.x86_64//lib/tools.jar:/data1/opt/mapr/pig/pig-0.14/bin/../lib/accumulo-core-1.5.0.jar:/data1/opt/mapr/pig/pig-0.14/bin/../lib/accumulo-fate-1.5.0.jar:/data1/opt/mapr/pig/pig-0.14/bin/../lib/accumulo-server-1.5.0.jar:/data1/opt/mapr/pig/pig-0.14/bin/../lib/accumulo-start-1.5.0.jar:/data1/opt/mapr/pig/pig-0.14/bin/../lib/accumulo-trace-1.5.0.jar:/data1/opt/mapr/pig/pig-0.14/bin/../lib/antlr-runtime-3.4.jar:/data1/opt/mapr/pig/pig-0.14/bin/../lib/asm-3.3.1.jar:/data1/opt/mapr/pig/pig-0.14/bin/../lib/automaton-1.11-8.jar:/data1/opt/mapr/pig/pig-0.14/bin/../lib/avro-1.7.5.jar:/data1/opt/mapr/pig/pig-0.14/bin/../lib/avro-tools-1.7.5-nodeps.jar:/data1/opt/mapr/pig/pig-0.14/bin/../lib/commons-io-2.3.jar:/data1/opt/mapr/pig/pig-0.14/bin/../lib/groovy-all-1.8.6.jar:/data1/opt/mapr/pig/pig-0.14/bin/../lib/guava-11.0.jar:/data1/opt/mapr/pig/pig-0.14/bin/../lib/hive-common-0.14.0.jar:/data1/opt/mapr/pig/pig-0.14/bin/../lib/hive-exec-0.14.0-core.jar:/data1/opt/mapr/pig/pig-0.14/bin/../lib/hive-metastore-0.14.0.jar:/data1/opt/mapr/pig/pig-0.14/bin/../lib/hive-serde-0.14.0.jar:/data1/opt/mapr/pig/pig-0.14/bin/../lib/hive-shims-common-0.14.0.jar:/data1/opt/mapr/pig/pig-0.14/bin/../lib/hive-shims-common-secure-0.14.0.jar:/data1/opt/mapr/pig/pig-0.14/bin/../lib/jackson-core-asl-1.8.8.jar:/data1/opt/mapr/pig/pig-0.14/bin/../lib/jackson-mapper-asl-1.8.8.jar:/data1/opt/mapr/pig/pig-0.14/bin/../lib/jansi-1.9.jar:/data1/opt/mapr/pig/pig-0.14/bin/../lib/jline-1.0.jar:/data1/opt/mapr/pig/pig-0.14/bin/../lib/joda-time-2.1.jar:/data1/opt/mapr/pig/pig-0.14/bin/../lib/jruby-complete-1.6.7.jar:/data1/opt/mapr/pig/pig-0.14/bin/../lib/js-1.7R2.jar:/data1/opt/mapr/pig/pig-0.14/bin/../lib/json-simple-1.1.jar:/data1/opt/mapr/pig/pig-0.14/bin/../lib/jython-standalone-2.5.3.jar:/data1/opt/mapr/pig/pig-0.14/bin/../lib/kryo-2.22.jar:/data1/opt/mapr/pig/pig-0.14/bin/../lib/parquet-pig-bundle-1.6.0.jar:/data1/opt/mapr/pig/pig-0.14/bin/../lib/protobuf-java-2.5.0.jar:/data1/opt/mapr/pig/pig-0.14/bin/../lib/sdsuLibJKD12.jar:/data1/opt/mapr/pig/pig-0.14/bin/../lib/snappy-java-1.0.5.jar:/data1/opt/mapr/pig/pig-0.14/bin/../lib/ST4-4.0.4.jar:/data1/opt/mapr/pig/pig-0.14/bin/../lib/trevni-avro-1.7.5.jar:/data1/opt/mapr/pig/pig-0.14/bin/../lib/trevni-core-1.7.5.jar:/data1/opt/mapr/pig/pig-0.14/bin/../pig-core-h2.jar::/usr/local/bfd/lib/hadoop/jackson-mapper-asl-1.9.2.jar:/usr/local/bfd/lib/hadoop/hadoop-snappy-0.0.1-walmart.jar:/usr/local/bfd/lib/hadoop/jackson-core-asl-1.9.2.jar:/opt/hadoopgpl/lib/hadoop-lzo.jar:/usr/local/bfd-hadoop-common/lib/bfd-hadoop-util-0.1-SNAPSHOT.jar:/opt/mapr/hadoop/hadoop-0.20.2/bin/..:/opt/mapr/hadoop/hadoop-0.20.2/bin/../hadoop*core*.jar:/opt/mapr/hadoop/hadoop-0.20.2/bin/../lib/activation-1.1.jar:/opt/mapr/hadoop/hadoop-0.20.2/bin/../lib/apacheds-i18n-2.0.0-M15.jar:/opt/mapr/hadoop/hadoop-0.20.2/bin/../lib/apacheds-kerberos-codec-2.0.0-M15.jar:/opt/mapr/hadoop/hadoop-0.20.2/bin/../lib/api-asn1-api-1.0.0-M20.jar:/opt/mapr/hadoop/hadoop-0.20.2/bin/../lib/api-util-1.0.0-M20.jar:/opt/mapr/hadoop/hadoop-0.20.2/bin/../lib/asm-3.2.jar:/opt/mapr/hadoop/hadoop-0.20.2/bin/../lib/aspectjrt-1.6.5.jar:/opt/mapr/hadoop/hadoop-0.20.2/bin/../lib/aspectjtools-1.6.5.jar:/opt/mapr/hadoop/hadoop-0.20.2/bin/../lib/avro-1.7.4.jar:/opt/mapr/hadoop/hadoop-0.20.2/bin/../lib/baseutils-5.0.0-mapr.jar:/opt/mapr/hadoop/hadoop-0.20.2/bin/../lib/central-logging-1.0.3-mapr-3.1.1.jar:/opt/mapr/hadoop/hadoop-0.20.2/bin/../lib/central-logging-5.0.0-mapr.jar:/opt/mapr/hadoop/hadoop-0.20.2/bin/../lib/commons-beanutils-1.7.0.jar:/opt/mapr/hadoop/hadoop-0.20.2/bin/../lib/commons-beanutils-core-1.8.0.jar:/opt/mapr/hadoop/hadoop-0.20.2/bin/../lib/commons-cli-1.2.jar:/opt/mapr/hadoop/hadoop-0.20.2/bin/../lib/commons-codec-1.4.jar:/opt/mapr/hadoop/hadoop-0.20.2/bin/../lib/commons-collections-3.2.1.jar:/opt/mapr/hadoop/hadoop-0.20.2/bin/../lib/commons-compress-1.4.1.jar:/opt/mapr/hadoop/hadoop-0.20.2/bin/../lib/commons-configuration-1.6.jar:/opt/mapr/hadoop/hadoop-0.20.2/bin/../lib/commons-daemon-1.0.1.jar:/opt/mapr/hadoop/hadoop-0.20.2/bin/../lib/commons-digester-1.8.jar:/opt/mapr/hadoop/hadoop-0.20.2/bin/../lib/commons-el-1.0.jar:/opt/mapr/hadoop/hadoop-0.20.2/bin/../lib/commons-httpclient-3.1.jar:/opt/mapr/hadoop/hadoop-0.20.2/bin/../lib/commons-io-2.4.jar:/opt/mapr/hadoop/hadoop-0.20.2/bin/../lib/commons-lang-2.6.jar:/opt/mapr/hadoop/hadoop-0.20.2/bin/../lib/commons-logging-1.1.1.jar:/opt/mapr/hadoop/hadoop-0.20.2/bin/../lib/commons-logging-1.1.3.jar:/opt/mapr/hadoop/hadoop-0.20.2/bin/../lib/commons-math-2.1.jar:/opt/mapr/hadoop/hadoop-0.20.2/bin/../lib/commons-math3-3.1.1.jar:/opt/mapr/hadoop/hadoop-0.20.2/bin/../lib/commons-net-3.1.jar:/opt/mapr/hadoop/hadoop-0.20.2/bin/../lib/core-3.1.1.jar:/opt/mapr/hadoop/hadoop-0.20.2/bin/../lib/curator-client-2.7.1.jar:/opt/mapr/hadoop/hadoop-0.20.2/bin/../lib/curator-framework-2.7.1.jar:/opt/mapr/hadoop/hadoop-0.20.2/bin/../lib/curator-recipes-2.7.1.jar:/opt/mapr/hadoop/hadoop-0.20.2/bin/../lib/emr-metrics-1.0.jar:/opt/mapr/hadoop/hadoop-0.20.2/bin/../lib/eval-0.5.jar:/opt/mapr/hadoop/hadoop-0.20.2/bin/../lib/gson-1.4.jar:/opt/mapr/hadoop/hadoop-0.20.2/bin/../lib/gson-2.2.4.jar:/opt/mapr/hadoop/hadoop-0.20.2/bin/../lib/guava-13.0.1.jar:/opt/mapr/hadoop/hadoop-0.20.2/bin/../lib/guava-r09-jarjar.jar:/opt/mapr/hadoop/hadoop-0.20.2/bin/../lib/hadoop-0.20.2-dev-capacity-scheduler.jar:/opt/mapr/hadoop/hadoop-0.20.2/bin/../lib/hadoop-0.20.2-dev-core.jar:/opt/mapr/hadoop/hadoop-0.20.2/bin/../lib/hadoop-0.20.2-dev-fairscheduler.jar:/opt/mapr/hadoop/hadoop-0.20.2/bin/../lib/hadoop-annotations-2.7.0-mapr-1506.jar:/opt/mapr/hadoop/hadoop-0.20.2/bin/../lib/hadoop-auth-2.7.0-mapr-1506.jar:/opt/mapr/hadoop/hadoop-0.20.2/bin/../lib/hadoop-common-2.7.0-mapr-1506.jar:/opt/mapr/hadoop/hadoop-0.20.2/bin/../lib/hadoop-common-2.7.0-mapr-1506-tests.jar:/opt/mapr/hadoop/hadoop-0.20.2/bin/../lib/hadoop-hdfs-2.7.0-mapr-1506.jar:/opt/mapr/hadoop/hadoop-0.20.2/bin/../lib/hadoop-hdfs-2.7.0-mapr-1506-tests.jar:/opt/mapr/hadoop/hadoop-0.20.2/bin/../lib/hadoop-hdfs-nfs-2.7.0-mapr-1506.jar:/opt/mapr/hadoop/hadoop-0.20.2/bin/../lib/hamcrest-core-1.3.jar:/opt/mapr/hadoop/hadoop-0.20.2/bin/../lib/hsqldb-1.8.0.10.jar:/opt/mapr/hadoop/hadoop-0.20.2/bin/../lib/htrace-core-3.1.0-incubating.jar:/opt/mapr/hadoop/hadoop-0.20.2/bin/../lib/httpclient-4.2.5.jar:/opt/mapr/hadoop/hadoop-0.20.2/bin/../lib/httpcore-4.2.5.jar:/opt/mapr/hadoop/hadoop-0.20.2/bin/../lib/jackson-core-asl-1.8.8.jar:/opt/mapr/hadoop/hadoop-0.20.2/bin/../lib/jackson-core-asl-1.9.13.jar:/opt/mapr/hadoop/hadoop-0.20.2/bin/../lib/jackson-jaxrs-1.9.13.jar:/opt/mapr/hadoop/hadoop-0.20.2/bin/../lib/jackson-mapper-asl-1.8.8.jar:/opt/mapr/hadoop/hadoop-0.20.2/bin/../lib/jackson-mapper-asl-1.9.13.jar:/opt/mapr/hadoop/hadoop-0.20.2/bin/../lib/jackson-xc-1.9.13.jar:/opt/mapr/hadoop/hadoop-0.20.2/bin/../lib/jasper-compiler-5.5.23.jar:/opt/mapr/hadoop/hadoop-0.20.2/bin/../lib/jasper-runtime-5.5.23.jar:/opt/mapr/hadoop/hadoop-0.20.2/bin/../lib/java-xmlbuilder-0.4.jar:/opt/mapr/hadoop/hadoop-0.20.2/bin/../lib/jaxb-api-2.2.2.jar:/opt/mapr/hadoop/hadoop-0.20.2/bin/../lib/jaxb-impl-2.2.3-1.jar:/opt/mapr/hadoop/hadoop-0.20.2/bin/../lib/jersey-core-1.9.jar:/opt/mapr/hadoop/hadoop-0.20.2/bin/../lib/jersey-json-1.9.jar:/opt/mapr/hadoop/hadoop-0.20.2/bin/../lib/jersey-server-1.9.jar:/opt/mapr/hadoop/hadoop-0.20.2/bin/../lib/jets3t-0.9.0.jar:/opt/mapr/hadoop/hadoop-0.20.2/bin/../lib/jettison-1.1.jar:/opt/mapr/hadoop/hadoop-0.20.2/bin/../lib/jetty-6.1.26.jar:/opt/mapr/hadoop/hadoop-0.20.2/bin/../lib/jetty-plus-6.1.26.jar:/opt/mapr/hadoop/hadoop-0.20.2/bin/../lib/jetty-servlet-tester-6.1.26.jar:/opt/mapr/hadoop/hadoop-0.20.2/bin/../lib/jetty-util-6.1.26.jar:/opt/mapr/hadoop/hadoop-0.20.2/bin/../lib/jsch-0.1.42.jar:/opt/mapr/hadoop/hadoop-0.20.2/bin/../lib/json-20080701.jar:/opt/mapr/hadoop/hadoop-0.20.2/bin/../lib/jsp-api-2.1.jar:/opt/mapr/hadoop/hadoop-0.20.2/bin/../lib/jsr305-3.0.0.jar:/opt/mapr/hadoop/hadoop-0.20.2/bin/../lib/junit-4.11.jar:/opt/mapr/hadoop/hadoop-0.20.2/bin/../lib/junit-4.5.jar:/opt/mapr/hadoop/hadoop-0.20.2/bin/../lib/kfs-0.2.2.jar:/opt/mapr/hadoop/hadoop-0.20.2/bin/../lib/libprotodefs-1.0.3-mapr-3.1.1.jar:/opt/mapr/hadoop/hadoop-0.20.2/bin/../lib/libprotodefs-5.0.0-mapr.jar:/opt/mapr/hadoop/hadoop-0.20.2/bin/../lib/log4j-1.2.17.jar:/opt/mapr/hadoop/hadoop-0.20.2/bin/../lib/maprfs-1.0.3-mapr-3.1.1.jar:/opt/mapr/hadoop/hadoop-0.20.2/bin/../lib/maprfs-5.0.0-mapr.jar:/opt/mapr/hadoop/hadoop-0.20.2/bin/../lib/maprfs-core-1.0.3-mapr-3.1.1.jar:/opt/mapr/hadoop/hadoop-0.20.2/bin/../lib/maprfs-core-1.0.3-mapr-3.1.1-tests.jar:/opt/mapr/hadoop/hadoop-0.20.2/bin/../lib/maprfs-core-5.0.0-mapr.jar:/opt/mapr/hadoop/hadoop-0.20.2/bin/../lib/maprfs-core-5.0.0-mapr-tests.jar:/opt/mapr/hadoop/hadoop-0.20.2/bin/../lib/maprfs-diagnostic-tools-1.0.3-mapr-3.1.1.jar:/opt/mapr/hadoop/hadoop-0.20.2/bin/../lib/maprfs-diagnostic-tools-5.0.0-mapr.jar:/opt/mapr/hadoop/hadoop-0.20.2/bin/../lib/maprfs-jni-1.0.3-mapr-3.1.1.jar:/opt/mapr/hadoop/hadoop-0.20.2/bin/../lib/maprfs-jni-5.0.0-mapr.jar:/opt/mapr/hadoop/hadoop-0.20.2/bin/../lib/mapr-hbase-5.0.0-mapr.jar:/opt/mapr/hadoop/hadoop-0.20.2/bin/../lib/mapr-hbase-5.0.0-mapr-tests.jar:/opt/mapr/hadoop/hadoop-0.20.2/bin/../lib/maprutil-5.0.0-mapr.jar:/opt/mapr/hadoop/hadoop-0.20.2/bin/../lib/mockito-all-1.8.5.jar:/opt/mapr/hadoop/hadoop-0.20.2/bin/../lib/netty-3.6.2.Final.jar:/opt/mapr/hadoop/hadoop-0.20.2/bin/../lib/oro-2.0.8.jar:/opt/mapr/hadoop/hadoop-0.20.2/bin/../lib/paranamer-2.3.jar:/opt/mapr/hadoop/hadoop-0.20.2/bin/../lib/protobuf-java-2.5.0.jar:/opt/mapr/hadoop/hadoop-0.20.2/bin/../lib/servlet-api-2.5-20081211.jar:/opt/mapr/hadoop/hadoop-0.20.2/bin/../lib/servlet-api-2.5-6.1.14.jar:/opt/mapr/hadoop/hadoop-0.20.2/bin/../lib/servlet-api-2.5.jar:/opt/mapr/hadoop/hadoop-0.20.2/bin/../lib/slf4j-api-1.6.1.jar:/opt/mapr/hadoop/hadoop-0.20.2/bin/../lib/slf4j-api-1.7.10.jar:/opt/mapr/hadoop/hadoop-0.20.2/bin/../lib/slf4j-log4j12-1.6.1.jar:/opt/mapr/hadoop/hadoop-0.20.2/bin/../lib/slf4j-log4j12-1.7.10.jar:/opt/mapr/hadoop/hadoop-0.20.2/bin/../lib/snappy-java-1.0.4.1.jar:/opt/mapr/hadoop/hadoop-0.20.2/bin/../lib/stax-api-1.0-2.jar:/opt/mapr/hadoop/hadoop-0.20.2/bin/../lib/xmlenc-0.52.jar:/opt/mapr/hadoop/hadoop-0.20.2/bin/../lib/xz-1.0.jar:/opt/mapr/hadoop/hadoop-0.20.2/bin/../lib/zookeeper-3.4.5-mapr-1503.jar:/opt/mapr/hadoop/hadoop-0.20.2/bin/../lib/jsp-2.1/*.jar:/opt/mapr/lib/kvstore-5.0.0-mapr.jar:/opt/mapr/lib/libprotodefs-5.0.0-mapr.jar:/opt/mapr/lib/baseutils-5.0.0-mapr.jar:/opt/mapr/lib/maprutil-5.0.0-mapr.jar:/opt/mapr/lib/json-20080701.jar:/opt/mapr/lib/flexjson-2.1.jar
2016-09-07 05:37:02,382 [main] INFO  org.apache.zookeeper.ZooKeeper - Client environment:java.library.path=/opt/hadoopgpl/native/Linux-amd64-64:/usr/local/bfd/lib/hadoop/native/Linux-amd64-64:/opt/mapr/hadoop/hadoop-0.20.2/bin/../../hadoop-2.7.0/lib/native:/usr/lib64:/usr/lib/oracle/12.1/client64/lib:/usr/local/lib/python2.7/site-packages:/usr/local/lib:
2016-09-07 05:37:02,382 [main] INFO  org.apache.zookeeper.ZooKeeper - Client environment:java.io.tmpdir=/tmp
2016-09-07 05:37:02,382 [main] INFO  org.apache.zookeeper.ZooKeeper - Client environment:java.compiler=<NA>
2016-09-07 05:37:02,383 [main] INFO  org.apache.zookeeper.ZooKeeper - Client environment:os.name=Linux
2016-09-07 05:37:02,383 [main] INFO  org.apache.zookeeper.ZooKeeper - Client environment:os.arch=amd64
2016-09-07 05:37:02,383 [main] INFO  org.apache.zookeeper.ZooKeeper - Client environment:os.version=2.6.32-573.18.1.el6.x86_64
2016-09-07 05:37:02,383 [main] INFO  org.apache.zookeeper.ZooKeeper - Client environment:user.name=jli21
2016-09-07 05:37:02,383 [main] INFO  org.apache.zookeeper.ZooKeeper - Client environment:user.home=/home/jli21
2016-09-07 05:37:02,383 [main] INFO  org.apache.zookeeper.ZooKeeper - Client environment:user.dir=/data1/home/jli21/jobs/trending_module/item_trending
2016-09-07 05:37:02,385 [main] INFO  org.apache.zookeeper.ZooKeeper - Initiating client connection, connectString=mapr010:5181,mapr020:5181,mapr030:5181,mapr040:5181,mapr101:5181 sessionTimeout=30000 watcher=com.mapr.fs.JobTrackerWatcher@54eef406
2016-09-07 05:37:02,440 [main-SendThread(mapr040.sv.walmartlabs.com:5181)] INFO  org.apache.zookeeper.Login - successfully logged in.
2016-09-07 05:37:02,443 [main-SendThread(mapr040.sv.walmartlabs.com:5181)] INFO  org.apache.zookeeper.client.ZooKeeperSaslClient - Client will use SIMPLE-SECURITY as SASL mechanism.
2016-09-07 05:37:02,451 [main-SendThread(mapr040.sv.walmartlabs.com:5181)] INFO  org.apache.zookeeper.ClientCnxn - Opening socket connection to server mapr040.sv.walmartlabs.com/10.93.128.140:5181. Will attempt to SASL-authenticate using Login Context section 'Client_simple'
2016-09-07 05:37:02,461 [main-SendThread(mapr040.sv.walmartlabs.com:5181)] INFO  org.apache.zookeeper.ClientCnxn - Socket connection established to mapr040.sv.walmartlabs.com/10.93.128.140:5181, initiating session
2016-09-07 05:37:02,477 [main-SendThread(mapr040.sv.walmartlabs.com:5181)] INFO  org.apache.zookeeper.ClientCnxn - Session establishment complete on server mapr040.sv.walmartlabs.com/10.93.128.140:5181, sessionid = 0x3545431d075d794, negotiated timeout = 30000
2016-09-07 05:37:02,517 [main] INFO  com.mapr.fs.JobTrackerWatcher - Current running JobTracker is: sv1-hp0204-01.sv.walmartlabs.com/172.30.32.82:9001
2016-09-07 05:37:02,551 [JobControl] INFO  com.mapr.fs.JobTrackerWatcher - Current running JobTracker is: sv1-hp0204-01.sv.walmartlabs.com/172.30.32.82:9001
2016-09-07 05:37:03,036 [main] INFO  org.apache.pig.backend.hadoop.executionengine.mapReduceLayer.MapReduceLauncher - 0% complete
2016-09-07 05:37:08,509 [JobControl] WARN  org.apache.hadoop.mapred.JobClient - Use GenericOptionsParser for parsing the arguments. Applications should implement Tool for the same.
2016-09-07 05:37:08,571 [JobControl] WARN  org.apache.hadoop.mapred.JobClient - No job jar file set.  User classes may not be found. See JobConf(Class) or JobConf#setJar(String).
2016-09-07 05:37:08,684 [JobControl] INFO  org.apache.hadoop.mapreduce.lib.input.FileInputFormat - Total input paths to process : 1
2016-09-07 05:37:08,685 [JobControl] INFO  org.apache.pig.backend.hadoop.executionengine.util.MapRedUtil - Total input paths to process : 1
2016-09-07 05:37:08,718 [JobControl] INFO  org.apache.pig.backend.hadoop.executionengine.util.MapRedUtil - Total input paths (combined) to process : 1
2016-09-07 05:37:13,062 [JobControl] INFO  org.apache.hadoop.mapred.JobClient - Creating job's output directory at maprfs:/tmp/temp-2033694667/tmp-833044913
2016-09-07 05:37:13,071 [JobControl] INFO  org.apache.hadoop.mapred.JobClient - Creating job's user history location directory at maprfs:/tmp/temp-2033694667/tmp-833044913/_logs
2016-09-07 05:37:13,598 [JobControl] INFO  org.apache.hadoop.mapred.JobClient - jli21 (auth:SIMPLE), realuser: null
2016-09-07 05:37:35,558 [main] INFO  org.apache.pig.backend.hadoop.executionengine.mapReduceLayer.MapReduceLauncher - HadoopJobId: job_201608100810_1532897
2016-09-07 05:37:35,559 [main] INFO  org.apache.pig.backend.hadoop.executionengine.mapReduceLayer.MapReduceLauncher - Processing aliases Items,S0,S1,S2
2016-09-07 05:37:35,559 [main] INFO  org.apache.pig.backend.hadoop.executionengine.mapReduceLayer.MapReduceLauncher - detailed locations: M: Items[12,8],S0[-1,-1],S1[21,5] C:  R: S2[23,5]
2016-09-07 05:38:48,138 [main] INFO  org.apache.pig.backend.hadoop.executionengine.mapReduceLayer.MapReduceLauncher - 25% complete
2016-09-07 05:38:48,139 [main] INFO  org.apache.pig.backend.hadoop.executionengine.mapReduceLayer.MapReduceLauncher - Running jobs are [job_201608100810_1532897]
2016-09-07 05:39:55,515 [main] INFO  org.apache.pig.backend.hadoop.executionengine.mapReduceLayer.MapReduceLauncher - 50% complete
2016-09-07 05:39:55,515 [main] INFO  org.apache.pig.backend.hadoop.executionengine.mapReduceLayer.MapReduceLauncher - Running jobs are [job_201608100810_1532897]
2016-09-07 05:40:47,187 [main] INFO  com.mapr.fs.JobTrackerWatcher - Current running JobTracker is: sv1-hp0204-01.sv.walmartlabs.com/172.30.32.82:9001
2016-09-07 05:40:59,162 [main] INFO  com.mapr.fs.JobTrackerWatcher - Current running JobTracker is: sv1-hp0204-01.sv.walmartlabs.com/172.30.32.82:9001
2016-09-07 05:41:14,966 [main] INFO  org.apache.pig.tools.pigstats.mapreduce.MRScriptState - Pig script settings are added to the job
2016-09-07 05:41:14,967 [main] INFO  org.apache.pig.backend.hadoop.executionengine.mapReduceLayer.JobControlCompiler - mapred.job.reduce.markreset.buffer.percent is not set, set to default 0.3
2016-09-07 05:41:14,968 [main] INFO  org.apache.pig.backend.hadoop.executionengine.mapReduceLayer.JobControlCompiler - Reduce phase detected, estimating # of required reducers.
2016-09-07 05:41:14,968 [main] INFO  org.apache.pig.backend.hadoop.executionengine.mapReduceLayer.JobControlCompiler - Using reducer estimator: org.apache.pig.backend.hadoop.executionengine.mapReduceLayer.InputSizeReducerEstimator
2016-09-07 05:41:14,975 [main] INFO  org.apache.pig.backend.hadoop.executionengine.mapReduceLayer.InputSizeReducerEstimator - BytesPerReducer=1000000000 maxReducers=999 totalInputFileSize=1240359
2016-09-07 05:41:14,975 [main] INFO  org.apache.pig.backend.hadoop.executionengine.mapReduceLayer.JobControlCompiler - Setting Parallelism to 1
2016-09-07 05:41:14,975 [main] INFO  org.apache.pig.backend.hadoop.executionengine.mapReduceLayer.JobControlCompiler - This job cannot be converted run in-process
2016-09-07 05:41:15,242 [main] INFO  org.apache.pig.backend.hadoop.executionengine.mapReduceLayer.JobControlCompiler - Added jar file:/usr/local/bfd-hive-dist/lib/hive-exec-0.13.1-SNAPSHOT.jar to DistributedCache through /tmp/temp-2033694667/tmp1606408673/hive-exec-0.13.1-SNAPSHOT.jar
2016-09-07 05:41:15,387 [main] INFO  org.apache.pig.backend.hadoop.executionengine.mapReduceLayer.JobControlCompiler - Added jar file:/usr/local/bfd-hive-dist/lib/hive-metastore-0.13.1-SNAPSHOT.jar to DistributedCache through /tmp/temp-2033694667/tmp282641232/hive-metastore-0.13.1-SNAPSHOT.jar
2016-09-07 05:41:15,483 [main] INFO  org.apache.pig.backend.hadoop.executionengine.mapReduceLayer.JobControlCompiler - Added jar file:/opt/mapr/pig/pig-0.14/contrib/piggybank/java/piggybank.jar to DistributedCache through /tmp/temp-2033694667/tmp-956285215/piggybank.jar
2016-09-07 05:41:15,614 [main] INFO  org.apache.pig.backend.hadoop.executionengine.mapReduceLayer.JobControlCompiler - Added jar file:/data1/opt/mapr/pig/pig-0.14/pig-core-h2.jar to DistributedCache through /tmp/temp-2033694667/tmp-2102556928/pig-core-h2.jar
2016-09-07 05:41:15,717 [main] INFO  org.apache.pig.backend.hadoop.executionengine.mapReduceLayer.JobControlCompiler - Added jar file:/data1/opt/mapr/pig/pig-0.14/lib/automaton-1.11-8.jar to DistributedCache through /tmp/temp-2033694667/tmp854131374/automaton-1.11-8.jar
2016-09-07 05:41:15,837 [main] INFO  org.apache.pig.backend.hadoop.executionengine.mapReduceLayer.JobControlCompiler - Added jar file:/data1/opt/mapr/pig/pig-0.14/lib/antlr-runtime-3.4.jar to DistributedCache through /tmp/temp-2033694667/tmp283672969/antlr-runtime-3.4.jar
2016-09-07 05:41:15,924 [main] INFO  org.apache.pig.backend.hadoop.executionengine.mapReduceLayer.JobControlCompiler - Added jar file:/data1/opt/mapr/pig/pig-0.14/lib/joda-time-2.1.jar to DistributedCache through /tmp/temp-2033694667/tmp313964083/joda-time-2.1.jar
2016-09-07 05:41:15,958 [main] INFO  org.apache.pig.backend.hadoop.executionengine.mapReduceLayer.JobControlCompiler - Setting up single store job
2016-09-07 05:41:15,959 [main] INFO  org.apache.pig.data.SchemaTupleFrontend - Key [pig.schematuple] is false, will not generate code.
2016-09-07 05:41:15,960 [main] INFO  org.apache.pig.data.SchemaTupleFrontend - Starting process to move generated code to distributed cacche
2016-09-07 05:41:15,960 [main] INFO  org.apache.pig.data.SchemaTupleFrontend - Setting key [pig.schematuple.classes] with classes to deserialize []
2016-09-07 05:41:16,032 [main] INFO  org.apache.pig.backend.hadoop.executionengine.mapReduceLayer.MapReduceLauncher - 1 map-reduce job(s) waiting for submission.
2016-09-07 05:41:16,047 [main] INFO  com.mapr.fs.JobTrackerWatcher - Current running JobTracker is: sv1-hp0204-01.sv.walmartlabs.com/172.30.32.82:9001
2016-09-07 05:41:16,065 [JobControl] INFO  com.mapr.fs.JobTrackerWatcher - Current running JobTracker is: sv1-hp0204-01.sv.walmartlabs.com/172.30.32.82:9001
2016-09-07 05:41:25,378 [JobControl] WARN  org.apache.hadoop.mapred.JobClient - Use GenericOptionsParser for parsing the arguments. Applications should implement Tool for the same.
2016-09-07 05:41:25,432 [JobControl] WARN  org.apache.hadoop.mapred.JobClient - No job jar file set.  User classes may not be found. See JobConf(Class) or JobConf#setJar(String).
2016-09-07 05:41:25,450 [JobControl] INFO  org.apache.hadoop.conf.Configuration.deprecation - fs.default.name is deprecated. Instead, use fs.defaultFS
2016-09-07 05:41:25,492 [JobControl] INFO  org.apache.hadoop.mapreduce.lib.input.FileInputFormat - Total input paths to process : 1
2016-09-07 05:41:25,493 [JobControl] INFO  org.apache.pig.backend.hadoop.executionengine.util.MapRedUtil - Total input paths to process : 1
2016-09-07 05:41:25,500 [JobControl] INFO  org.apache.pig.backend.hadoop.executionengine.util.MapRedUtil - Total input paths (combined) to process : 1
2016-09-07 05:41:29,994 [JobControl] INFO  org.apache.hadoop.mapred.JobClient - Creating job's output directory at /hive/jli21.db/scs_model.db/scs_item_features
2016-09-07 05:41:30,020 [JobControl] INFO  org.apache.hadoop.mapred.JobClient - Creating job's user history location directory at /hive/jli21.db/scs_model.db/scs_item_features/_logs
2016-09-07 05:41:30,256 [JobControl] INFO  org.apache.hadoop.mapred.JobClient - jli21 (auth:SIMPLE), realuser: null
2016-09-07 05:42:02,337 [main] INFO  org.apache.pig.backend.hadoop.executionengine.mapReduceLayer.MapReduceLauncher - HadoopJobId: job_201608100810_1533046
2016-09-07 05:42:02,337 [main] INFO  org.apache.pig.backend.hadoop.executionengine.mapReduceLayer.MapReduceLauncher - Processing aliases S3,S4
2016-09-07 05:42:02,337 [main] INFO  org.apache.pig.backend.hadoop.executionengine.mapReduceLayer.MapReduceLauncher - detailed locations: M: S3[25,5] C:  R: S4[27,5]
2016-09-07 05:42:59,324 [main] INFO  org.apache.pig.backend.hadoop.executionengine.mapReduceLayer.MapReduceLauncher - 75% complete
2016-09-07 05:42:59,324 [main] INFO  org.apache.pig.backend.hadoop.executionengine.mapReduceLayer.MapReduceLauncher - Running jobs are [job_201608100810_1533046]
2016-09-07 05:44:09,169 [main] INFO  org.apache.pig.backend.hadoop.executionengine.mapReduceLayer.MapReduceLauncher - Running jobs are [job_201608100810_1533046]
2016-09-07 05:44:32,351 [main] INFO  com.mapr.fs.JobTrackerWatcher - Current running JobTracker is: sv1-hp0204-01.sv.walmartlabs.com/172.30.32.82:9001
2016-09-07 05:44:42,503 [main] INFO  com.mapr.fs.JobTrackerWatcher - Current running JobTracker is: sv1-hp0204-01.sv.walmartlabs.com/172.30.32.82:9001
2016-09-07 05:44:54,953 [main] INFO  org.apache.pig.backend.hadoop.executionengine.mapReduceLayer.MapReduceLauncher - 100% complete
2016-09-07 05:44:55,003 [main] INFO  org.apache.pig.tools.pigstats.mapreduce.SimplePigStats - Script Statistics: 

HadoopVersion	PigVersion	UserId	StartedAt	FinishedAt	Features
1.0.3-mapr-5.0.0	0.14.0-mapr-1508	jli21	2016-09-07 05:37:00	2016-09-07 05:44:54	GROUP_BY

Success!

Job Stats (time in seconds):
JobId	Maps	Reduces	MaxMapTime	MinMapTime	AvgMapTime	MedianMapTime	MaxReduceTime	MinReduceTime	AvgReduceTime	MedianReducetime	Alias	Feature	Outputs
job_201608100810_1532897	2	1	n/a	n/a	n/a	n/a	n/a	n/a	n/a	n/a	Items,S0,S1,S2	GROUP_BY	
job_201608100810_1533046	1	1	23	23	23	23	n/a	n/a	n/a	n/a	S3,S4	GROUP_BY	/hive/jli21.db/scs_model.db/scs_item_features,

Input(s):
Successfully read 25384 records from: "/hive/jli21.db/scs_model.db/scs_item_scores"

Output(s):
Successfully stored 2002 records in: "/hive/jli21.db/scs_model.db/scs_item_features"

Counters:
Total records written : 2002
Total bytes written : 0
Spillable Memory Manager spill count : 0
Total bags proactively spilled: 0
Total records proactively spilled: 0

Job DAG:
job_201608100810_1532897	->	job_201608100810_1533046,
job_201608100810_1533046


2016-09-07 05:44:55,012 [main] INFO  com.mapr.fs.JobTrackerWatcher - Current running JobTracker is: sv1-hp0204-01.sv.walmartlabs.com/172.30.32.82:9001
2016-09-07 05:45:04,977 [main] INFO  com.mapr.fs.JobTrackerWatcher - Current running JobTracker is: sv1-hp0204-01.sv.walmartlabs.com/172.30.32.82:9001
2016-09-07 05:45:18,283 [main] WARN  org.apache.pig.backend.hadoop.executionengine.mapReduceLayer.MapReduceLauncher - Unable to retrieve job to compute warning aggregation.
2016-09-07 05:45:18,289 [main] INFO  com.mapr.fs.JobTrackerWatcher - Current running JobTracker is: sv1-hp0204-01.sv.walmartlabs.com/172.30.32.82:9001
2016-09-07 05:45:26,713 [main] INFO  com.mapr.fs.JobTrackerWatcher - Current running JobTracker is: sv1-hp0204-01.sv.walmartlabs.com/172.30.32.82:9001
2016-09-07 05:45:41,045 [main] INFO  org.apache.pig.backend.hadoop.executionengine.mapReduceLayer.MapReduceLauncher - Success!
2016-09-07 05:45:41,073 [main] INFO  org.apache.pig.Main - Pig script completed in 8 minutes, 48 seconds and 138 milliseconds (528138 ms)
